TN:
SF:src\App.tsx
FN:8,App
FN:11,(anonymous_1)
FN:12,(anonymous_2)
FN:14,(anonymous_3)
FN:21,(anonymous_4)
FN:22,(anonymous_5)
FN:23,(anonymous_6)
FN:25,(anonymous_7)
FN:32,(anonymous_8)
FN:35,(anonymous_9)
FN:41,(anonymous_10)
FN:42,(anonymous_11)
FN:54,(anonymous_12)
FN:55,loadProviders
FN:70,(anonymous_14)
FN:71,(anonymous_15)
FN:88,(anonymous_16)
FN:105,(anonymous_17)
FN:106,(anonymous_18)
FN:126,(anonymous_19)
FN:139,(anonymous_20)
FN:140,(anonymous_21)
FN:158,(anonymous_22)
FN:167,(anonymous_23)
FN:184,(anonymous_24)
FN:234,(anonymous_25)
FN:236,(anonymous_26)
FN:238,(anonymous_27)
FN:270,(anonymous_28)
FN:272,(anonymous_29)
FN:278,(anonymous_30)
FN:284,(anonymous_31)
FN:286,(anonymous_32)
FN:289,(anonymous_33)
FN:289,(anonymous_34)
FN:314,(anonymous_35)
FN:316,(anonymous_36)
FN:322,(anonymous_37)
FN:328,(anonymous_38)
FN:330,(anonymous_39)
FN:333,(anonymous_40)
FN:333,(anonymous_41)
FN:388,(anonymous_42)
FNF:43
FNH:16
FNDA:18,App
FNDA:6,(anonymous_1)
FNDA:6,(anonymous_2)
FNDA:6,(anonymous_3)
FNDA:0,(anonymous_4)
FNDA:0,(anonymous_5)
FNDA:0,(anonymous_6)
FNDA:6,(anonymous_7)
FNDA:0,(anonymous_8)
FNDA:6,(anonymous_9)
FNDA:0,(anonymous_10)
FNDA:0,(anonymous_11)
FNDA:6,(anonymous_12)
FNDA:6,loadProviders
FNDA:6,(anonymous_14)
FNDA:6,(anonymous_15)
FNDA:0,(anonymous_16)
FNDA:6,(anonymous_17)
FNDA:6,(anonymous_18)
FNDA:0,(anonymous_19)
FNDA:6,(anonymous_20)
FNDA:6,(anonymous_21)
FNDA:0,(anonymous_22)
FNDA:0,(anonymous_23)
FNDA:0,(anonymous_24)
FNDA:0,(anonymous_25)
FNDA:0,(anonymous_26)
FNDA:0,(anonymous_27)
FNDA:0,(anonymous_28)
FNDA:6,(anonymous_29)
FNDA:0,(anonymous_30)
FNDA:0,(anonymous_31)
FNDA:0,(anonymous_32)
FNDA:0,(anonymous_33)
FNDA:0,(anonymous_34)
FNDA:0,(anonymous_35)
FNDA:6,(anonymous_36)
FNDA:0,(anonymous_37)
FNDA:0,(anonymous_38)
FNDA:0,(anonymous_39)
FNDA:0,(anonymous_40)
FNDA:0,(anonymous_41)
FNDA:0,(anonymous_42)
DA:9,18
DA:10,18
DA:11,18
DA:12,18
DA:14,18
DA:15,18
DA:17,18
DA:18,18
DA:21,18
DA:22,18
DA:23,18
DA:25,18
DA:26,18
DA:28,18
DA:29,18
DA:32,18
DA:35,18
DA:36,6
DA:37,6
DA:41,18
DA:42,0
DA:43,0
DA:44,0
DA:45,0
DA:49,18
DA:50,18
DA:51,18
DA:54,18
DA:56,6
DA:57,6
DA:58,6
DA:59,6
DA:61,0
DA:64,6
DA:67,18
DA:70,18
DA:71,6
DA:72,6
DA:73,6
DA:74,6
DA:76,6
DA:77,0
DA:78,0
DA:80,0
DA:81,0
DA:82,0
DA:83,0
DA:87,0
DA:88,0
DA:90,0
DA:91,0
DA:94,0
DA:95,0
DA:97,0
DA:101,6
DA:105,18
DA:106,6
DA:107,6
DA:108,6
DA:109,6
DA:110,6
DA:112,0
DA:113,0
DA:114,0
DA:118,0
DA:119,6
DA:120,6
DA:121,0
DA:124,0
DA:125,0
DA:126,0
DA:127,0
DA:128,0
DA:129,0
DA:132,0
DA:135,6
DA:139,18
DA:140,6
DA:141,6
DA:142,6
DA:143,6
DA:144,6
DA:146,0
DA:147,0
DA:148,0
DA:152,0
DA:153,6
DA:155,0
DA:156,0
DA:157,0
DA:158,0
DA:161,0
DA:164,6
DA:167,18
DA:168,0
DA:169,0
DA:170,0
DA:172,0
DA:173,0
DA:174,0
DA:177,0
DA:178,0
DA:182,18
DA:184,18
DA:185,0
DA:186,0
DA:187,0
DA:190,0
DA:191,0
DA:192,0
DA:194,0
DA:195,0
DA:204,0
DA:205,0
DA:213,0
DA:214,0
DA:223,0
DA:224,0
DA:229,0
DA:230,0
DA:232,0
DA:233,0
DA:234,0
DA:235,0
DA:236,0
DA:238,0
DA:245,0
DA:250,0
DA:254,18
DA:270,0
DA:273,6
DA:278,0
DA:284,0
DA:286,0
DA:289,0
DA:314,0
DA:317,6
DA:322,0
DA:328,0
DA:330,0
DA:333,0
DA:389,0
LF:142
LH:60
BRDA:11,0,0,6
BRDA:11,0,1,5
BRDA:12,1,0,6
BRDA:12,1,1,5
BRDA:14,2,0,6
BRDA:14,2,1,6
BRDA:25,3,0,6
BRDA:25,3,1,6
BRDA:37,4,0,0
BRDA:37,4,1,6
BRDA:43,5,0,0
BRDA:43,5,1,0
BRDA:76,6,0,0
BRDA:76,6,1,6
BRDA:76,7,0,6
BRDA:76,7,1,0
BRDA:76,7,2,0
BRDA:87,8,0,0
BRDA:87,8,1,0
BRDA:95,9,0,0
BRDA:95,9,1,0
BRDA:108,10,0,6
BRDA:108,10,1,0
BRDA:118,11,0,0
BRDA:118,11,1,0
BRDA:120,12,0,0
BRDA:120,12,1,6
BRDA:120,13,0,6
BRDA:120,13,1,0
BRDA:125,14,0,0
BRDA:125,14,1,0
BRDA:142,15,0,6
BRDA:142,15,1,0
BRDA:152,16,0,0
BRDA:152,16,1,0
BRDA:156,17,0,0
BRDA:156,17,1,0
BRDA:157,18,0,0
BRDA:157,18,1,0
BRDA:157,19,0,0
BRDA:157,19,1,0
BRDA:157,19,2,0
BRDA:170,20,0,0
BRDA:170,20,1,0
BRDA:185,21,0,0
BRDA:185,21,1,0
BRDA:213,22,0,0
BRDA:213,22,1,0
BRDA:223,23,0,0
BRDA:223,23,1,0
BRDA:230,24,0,0
BRDA:230,24,1,0
BRDA:230,24,2,0
BRDA:230,24,3,0
BRDA:230,24,4,0
BRDA:232,25,0,0
BRDA:232,25,1,0
BRDA:233,26,0,0
BRDA:233,26,1,0
BRDA:235,27,0,0
BRDA:235,27,1,0
BRDA:247,28,0,0
BRDA:247,28,1,0
BRDA:272,29,0,6
BRDA:272,29,1,12
BRDA:277,30,0,18
BRDA:277,30,1,0
BRDA:285,31,0,0
BRDA:285,31,1,0
BRDA:295,32,0,0
BRDA:295,32,1,0
BRDA:316,33,0,6
BRDA:316,33,1,12
BRDA:321,34,0,18
BRDA:321,34,1,0
BRDA:329,35,0,0
BRDA:329,35,1,0
BRDA:339,36,0,0
BRDA:339,36,1,0
BRDA:350,37,0,18
BRDA:350,37,1,0
BRDA:350,37,2,0
BRDA:350,37,3,0
BRDA:354,38,0,0
BRDA:354,38,1,0
BRDA:358,39,0,0
BRDA:358,39,1,0
BRDA:369,40,0,18
BRDA:369,40,1,0
BRDA:370,41,0,0
BRDA:370,41,1,0
BRDA:371,42,0,0
BRDA:371,42,1,0
BRDA:374,43,0,0
BRDA:374,43,1,0
BRDA:374,43,2,0
BRDA:374,43,3,0
BRDA:377,44,0,0
BRDA:377,44,1,0
BRDA:379,45,0,0
BRDA:379,45,1,0
BRDA:382,46,0,0
BRDA:382,46,1,0
BRDA:382,46,2,0
BRDA:399,47,0,0
BRDA:399,47,1,18
BRDA:401,48,0,18
BRDA:401,48,1,18
BRDA:401,48,2,0
BRDA:401,48,3,0
BRDA:401,48,4,0
BRDA:403,49,0,0
BRDA:403,49,1,18
BRDA:409,50,0,18
BRDA:409,50,1,0
BRF:115
BRH:28
end_of_record
TN:
SF:src\api.ts
FNF:0
FNH:0
DA:7,0
DA:12,0
LF:2
LH:0
BRF:0
BRH:0
end_of_record
